<?xml version="1.0" encoding="UTF-8"?>
<!-- Generated by org.testng.reporters.JUnitReportReporter -->
<testsuite hostname="DESKTOP-PHIUVD6" failures="0" tests="1" name="com.testng.sample.PackageTest2" time="0.005" errors="0" timestamp="2021-06-04T21:01:36 IST" skipped="0">
  <testcase classname="com.testng.sample.PackageTest2" name="PackageSampleTest2" time="0.005"/>
  <system-out/>
</testsuite> <!-- com.testng.sample.PackageTest2 -->
