<?xml version="1.0" encoding="UTF-8"?>
<!-- Generated by org.testng.reporters.JUnitReportReporter -->
<testsuite hostname="DESKTOP-PHIUVD6" failures="0" tests="2" name="TestXmlProgram" time="0.006" errors="0" timestamp="2021-06-04T21:01:36 IST" skipped="0">
  <testcase classname="TestXmlProgram" name="Test1" time="0.004"/>
  <system-out/>
  <testcase classname="TestXmlProgram" name="Test2" time="0.002"/>
  <system-out/>
</testsuite> <!-- TestXmlProgram -->
