<?xml version="1.0" encoding="UTF-8"?>
<!-- Generated by org.testng.reporters.JUnitReportReporter -->
<testsuite hostname="DESKTOP-PHIUVD6" failures="0" tests="2" name="SampleXmlProgram" time="0.038" errors="0" timestamp="2021-06-04T21:01:36 IST" skipped="0">
  <testcase classname="SampleXmlProgram" name="SampleTest1" time="0.033"/>
  <system-out/>
  <testcase classname="SampleXmlProgram" name="SampleTest2" time="0.005"/>
  <system-out/>
</testsuite> <!-- SampleXmlProgram -->
